[debug] [2020-11-05T09:52:54.161Z] ----------------------------------------------------------------------
[debug] [2020-11-05T09:52:54.163Z] Command:       /usr/local/bin/node /usr/local/bin/firebase init
[debug] [2020-11-05T09:52:54.163Z] CLI Version:   8.15.0
[debug] [2020-11-05T09:52:54.163Z] Platform:      darwin
[debug] [2020-11-05T09:52:54.163Z] Node Version:  v15.0.0
[debug] [2020-11-05T09:52:54.164Z] Time:          Thu Nov 05 2020 11:52:54 GMT+0200 (Eastern European Standard Time)
[debug] [2020-11-05T09:52:54.164Z] ----------------------------------------------------------------------
[debug] [2020-11-05T09:52:54.165Z] 
[debug] [2020-11-05T09:52:54.172Z] > command requires scopes: ["email","openid","https://www.googleapis.com/auth/cloudplatformprojects.readonly","https://www.googleapis.com/auth/firebase","https://www.googleapis.com/auth/cloud-platform"]
[debug] [2020-11-05T09:52:54.172Z] > authorizing via signed-in user
[info] 
     ######## #### ########  ######## ########     ###     ######  ########
     ##        ##  ##     ## ##       ##     ##  ##   ##  ##       ##
     ######    ##  ########  ######   ########  #########  ######  ######
     ##        ##  ##    ##  ##       ##     ## ##     ##       ## ##
     ##       #### ##     ## ######## ########  ##     ##  ######  ########

You're about to initialize a Firebase project in this directory:

  /Users/admin/Desktop/new

[info] 
=== Project Setup
[info] 
[info] First, let's associate this project directory with a Firebase project.
[info] You can create multiple project aliases by running firebase use --add, 
[info] but for now we'll just set up a default project.
[info] 
[debug] [2020-11-05T09:53:16.424Z] >>> HTTP REQUEST GET https://firebase.googleapis.com/v1beta1/projects?pageSize=100  
 
[debug] [2020-11-05T09:53:17.442Z] <<< HTTP RESPONSE 200 {"content-type":"application/json; charset=UTF-8","vary":"X-Origin, Referer, Origin,Accept-Encoding","date":"Thu, 05 Nov 2020 09:53:16 GMT","server":"ESF","cache-control":"private","x-xss-protection":"0","x-frame-options":"SAMEORIGIN","x-content-type-options":"nosniff","alt-svc":"h3-Q050=\":443\"; ma=2592000,h3-29=\":443\"; ma=2592000,h3-T051=\":443\"; ma=2592000,h3-T050=\":443\"; ma=2592000,h3-Q046=\":443\"; ma=2592000,h3-Q043=\":443\"; ma=2592000,quic=\":443\"; ma=2592000; v=\"46,43\"","accept-ranges":"none","transfer-encoding":"chunked"}
[info] i  Using project react-car-search (react-car-search) 
[info] 
=== Database Setup
[info] 
[info] Firebase Realtime Database Rules allow you to define how your data should be
[info] structured and when your data can be read from and written to.
[info] 
[debug] [2020-11-05T09:53:24.336Z] >>> HTTP REQUEST GET https://react-car-search.firebaseio.com/.settings/rules.json  
 
[debug] [2020-11-05T09:53:24.921Z] <<< HTTP RESPONSE 200 {"server":"nginx","date":"Thu, 05 Nov 2020 09:53:24 GMT","content-type":"application/json; charset=utf-8","content-length":"161","connection":"keep-alive","access-control-allow-origin":"*","cache-control":"no-cache","strict-transport-security":"max-age=31556926; includeSubDomains; preload"}
[debug] [2020-11-05T09:53:25.121Z] Error: EISDIR: illegal operation on a directory, open '/Users/admin/Desktop/new/y'
    at Object.openSync (node:fs:476:3)
    at Object.writeFileSync (node:fs:1471:35)
    at Config.writeProjectFile (/Users/admin/.config/yarn/global/node_modules/firebase-tools/lib/config.js:156:8)
    at /Users/admin/.config/yarn/global/node_modules/firebase-tools/lib/init/features/database.js:25:23
    at processTicksAndRejections (node:internal/process/task_queues:93:5)
[error] 
[error] Error: An unexpected error has occurred.
